2017-12-23 22:00:12,634 - INFO - static folder : /home/pi/dev/finance/../static
2017-12-23 22:00:12,637 - INFO - template folder : ../templates
2017-12-23 22:00:16,378 - INFO - static folder : /home/pi/dev/finance/../static
2017-12-23 22:00:16,380 - INFO - template folder : ../templates
2017-12-23 22:06:59,673 - INFO - static folder : /home/pi/dev/finance/../static
2017-12-23 22:06:59,675 - INFO - template folder : ../templates
2017-12-23 22:07:03,341 - INFO - static folder : /home/pi/dev/finance/../static
2017-12-23 22:07:03,342 - INFO - template folder : ../templates
2017-12-23 22:08:17,114 - INFO - static folder : /home/pi/dev/finance/../static
2017-12-23 22:08:17,116 - INFO - template folder : ../templates
2017-12-23 22:11:44,392 - INFO - static folder : /home/pi/dev/finance/../static
2017-12-23 22:11:44,393 - INFO - template folder : ../templates
2017-12-23 22:13:10,426 - INFO - static folder : /home/pi/dev/finance/../static
2017-12-23 22:13:10,428 - INFO - template folder : ../templates
2017-12-23 22:14:24,021 - INFO - static folder : /home/pi/dev/finance/../static
2017-12-23 22:14:24,022 - INFO - template folder : ../templates
2017-12-23 22:20:48,470 - INFO - static folder : /home/pi/dev/finance/../static
2017-12-23 22:20:48,471 - INFO - template folder : ../templates
2017-12-23 22:21:45,367 - INFO - static folder : /home/pi/dev/finance/../static
2017-12-23 22:21:45,368 - INFO - template folder : ../templates
2017-12-23 22:22:53,811 - INFO - static folder : /home/pi/dev/finance/../static
2017-12-23 22:22:53,813 - INFO - template folder : ../templates
2017-12-23 22:23:08,355 - INFO - static folder : /home/pi/dev/finance/../static
2017-12-23 22:23:08,356 - INFO - template folder : ../templates
2017-12-23 22:24:00,060 - INFO - static folder : /home/pi/dev/finance/../static
2017-12-23 22:24:00,061 - INFO - template folder : ../templates
2017-12-23 22:26:02,160 - INFO - static folder : /home/pi/dev/finance/../static
2017-12-23 22:26:02,161 - INFO - template folder : ../templates
2017-12-23 22:27:46,789 - INFO - static folder : /home/pi/dev/finance/../static
2017-12-23 22:27:46,791 - INFO - template folder : ../templates
2017-12-23 22:28:15,671 - INFO - static folder : /home/pi/dev/finance/../static
2017-12-23 22:28:15,673 - INFO - template folder : ../templates
2017-12-23 22:28:59,102 - INFO - static folder : /home/pi/dev/finance/../static
2017-12-23 22:28:59,103 - INFO - template folder : ../templates
2017-12-23 22:33:40,942 - INFO - static folder : /home/pi/dev/finance/../static
2017-12-23 22:33:40,944 - INFO - template folder : ../templates
2017-12-23 22:34:26,488 - INFO - static folder : /home/pi/dev/finance/../static
2017-12-23 22:34:26,489 - INFO - template folder : ../templates
2017-12-23 22:34:31,468 - INFO - static folder : /home/pi/dev/finance/../static
2017-12-23 22:34:31,470 - INFO - template folder : ../templates
2017-12-23 22:35:31,519 - INFO - static folder : /home/pi/dev/finance/../static
2017-12-23 22:35:31,520 - INFO - template folder : ../templates
2017-12-23 22:36:14,800 - INFO - static folder : /home/pi/dev/finance/../static
2017-12-23 22:36:14,802 - INFO - template folder : ../templates
2017-12-23 22:39:25,698 - INFO - static folder : /home/pi/dev/finance/../static
2017-12-23 22:39:25,699 - INFO - template folder : ../templates
2017-12-23 22:39:29,391 - INFO - static folder : /home/pi/dev/finance/../static
2017-12-23 22:39:29,393 - INFO - template folder : ../templates
2017-12-23 22:40:28,903 - INFO - static folder : /home/pi/dev/finance/../static
2017-12-23 22:40:28,904 - INFO - template folder : ../templates
2017-12-23 22:40:32,563 - INFO - static folder : /home/pi/dev/finance/../static
2017-12-23 22:40:32,564 - INFO - template folder : ../templates
2017-12-23 22:45:03,170 - INFO - static folder : /home/pi/dev/finance/../static
2017-12-23 22:45:03,171 - INFO - template folder : ../templates
2017-12-23 22:49:22,547 - INFO - static folder : /home/pi/dev/finance/../static
2017-12-23 22:49:22,549 - INFO - template folder : ../templates
2017-12-23 22:50:36,088 - INFO - static folder : /home/pi/dev/finance/../static
2017-12-23 22:50:36,090 - INFO - template folder : ../templates
2017-12-23 22:51:10,044 - INFO - static folder : /home/pi/dev/finance/../static
2017-12-23 22:51:10,045 - INFO - template folder : ../templates
2017-12-23 22:51:55,648 - INFO - static folder : /home/pi/dev/finance/../static
2017-12-23 22:51:55,649 - INFO - template folder : ../templates
2017-12-23 22:51:59,312 - INFO - static folder : /home/pi/dev/finance/../static
2017-12-23 22:51:59,313 - INFO - template folder : ../templates
2017-12-23 22:53:06,708 - INFO - static folder : /home/pi/dev/finance/../static
2017-12-23 22:53:06,709 - INFO - template folder : ../templates
2017-12-23 22:54:17,826 - INFO - static folder : /home/pi/dev/finance/../static
2017-12-23 22:54:17,827 - INFO - template folder : ../templates
2017-12-23 22:54:21,494 - INFO - static folder : /home/pi/dev/finance/../static
2017-12-23 22:54:21,495 - INFO - template folder : ../templates
2017-12-23 22:58:02,320 - INFO - static folder : /home/pi/dev/finance/../static
2017-12-23 22:58:02,321 - INFO - template folder : ../templates
2017-12-23 22:58:25,071 - INFO - static folder : /home/pi/dev/finance/../static
2017-12-23 22:58:25,073 - INFO - template folder : ../templates
2017-12-23 23:03:18,466 - INFO - static folder : /home/pi/dev/finance/../static
2017-12-23 23:03:18,467 - INFO - template folder : ../templates
2017-12-23 23:04:45,773 - INFO - static folder : /home/pi/dev/finance/../static
2017-12-23 23:04:45,774 - INFO - template folder : ../templates
2017-12-23 23:04:49,364 - INFO - static folder : /home/pi/dev/finance/../static
2017-12-23 23:04:49,365 - INFO - template folder : ../templates
2017-12-23 23:05:49,492 - INFO - static folder : /home/pi/dev/finance/../static
2017-12-23 23:05:49,493 - INFO - template folder : ../templates
2017-12-23 23:06:13,359 - INFO - static folder : /home/pi/dev/finance/../static
2017-12-23 23:06:13,360 - INFO - template folder : ../templates
2017-12-23 23:06:37,200 - INFO - static folder : /home/pi/dev/finance/../static
2017-12-23 23:06:37,201 - INFO - template folder : ../templates
2017-12-23 23:08:48,864 - INFO - static folder : /home/pi/dev/finance/../static
2017-12-23 23:08:48,866 - INFO - template folder : ../templates
2017-12-23 23:11:00,467 - INFO - static folder : /home/pi/dev/finance/../static
2017-12-23 23:11:00,469 - INFO - template folder : ../templates
2017-12-23 23:12:03,850 - INFO - static folder : /home/pi/dev/finance/../static
2017-12-23 23:12:03,852 - INFO - template folder : ../templates
2017-12-23 23:17:07,515 - INFO - static folder : /home/pi/dev/finance/../static
2017-12-23 23:17:07,517 - INFO - template folder : ../templates
2017-12-23 23:17:57,233 - INFO - static folder : /home/pi/dev/finance/../static
2017-12-23 23:17:57,234 - INFO - template folder : ../templates
2017-12-24 10:43:41,264 - INFO - static folder : /home/pi/dev/finance/../static
2017-12-24 10:43:41,265 - INFO - template folder : ../templates
2017-12-24 10:43:44,944 - INFO - static folder : /home/pi/dev/finance/../static
2017-12-24 10:43:44,946 - INFO - template folder : ../templates
2017-12-24 10:45:24,743 - INFO - static folder : /home/pi/dev/finance/../static
2017-12-24 10:45:24,744 - INFO - template folder : ../templates
2017-12-24 10:45:28,400 - INFO - static folder : /home/pi/dev/finance/../static
2017-12-24 10:45:28,401 - INFO - template folder : ../templates
2017-12-25 06:11:42,665 - INFO - static folder : /home/pi/dev/finance/../static
2017-12-25 06:11:42,667 - INFO - template folder : ../templates
2017-12-25 06:11:46,490 - INFO - static folder : /home/pi/dev/finance/../static
2017-12-25 06:11:46,491 - INFO - template folder : ../templates
2017-12-25 06:14:18,148 - INFO - static folder : /home/pi/dev/finance/../static
2017-12-25 06:14:18,150 - INFO - template folder : ../templates
2017-12-25 06:14:53,640 - INFO - static folder : /home/pi/dev/finance/../static
2017-12-25 06:14:53,641 - INFO - template folder : ../templates
2017-12-25 06:15:38,461 - INFO - static folder : /home/pi/dev/finance/../static
2017-12-25 06:15:38,463 - INFO - template folder : ../templates
2017-12-25 06:18:14,278 - INFO - static folder : /home/pi/dev/finance/../static
2017-12-25 06:18:14,280 - INFO - template folder : ../templates
2017-12-25 06:24:48,986 - INFO - static folder : /home/pi/dev/finance/../static
2017-12-25 06:24:48,988 - INFO - template folder : ../templates
2017-12-25 06:24:52,822 - INFO - static folder : /home/pi/dev/finance/../static
2017-12-25 06:24:52,824 - INFO - template folder : ../templates
2017-12-25 06:36:09,968 - INFO - static folder : /home/pi/dev/finance/../static
2017-12-25 06:36:09,970 - INFO - template folder : ../templates
2017-12-25 06:36:14,867 - INFO - Total episode count : 144
2017-12-25 06:36:41,348 - INFO - static folder : /home/pi/dev/finance/../static
2017-12-25 06:36:41,350 - INFO - template folder : ../templates
2017-12-25 06:36:45,041 - INFO - Total episode count : 144
2017-12-25 06:42:51,828 - INFO - static folder : /home/pi/dev/finance/../static
2017-12-25 06:42:51,829 - INFO - template folder : ../templates
2017-12-25 06:42:55,608 - INFO - static folder : /home/pi/dev/finance/../static
2017-12-25 06:42:55,610 - INFO - template folder : ../templates
2017-12-25 06:45:38,615 - INFO - static folder : /home/pi/dev/finance/../static
2017-12-25 06:45:38,617 - INFO - template folder : ../templates
2017-12-25 06:48:05,360 - INFO - static folder : /home/pi/dev/finance/../static
2017-12-25 06:48:05,362 - INFO - template folder : ../templates
2017-12-25 06:48:09,180 - INFO - static folder : /home/pi/dev/finance/../static
2017-12-25 06:48:09,182 - INFO - template folder : ../templates
2017-12-25 06:49:52,147 - INFO - static folder : /home/pi/dev/finance/../static
2017-12-25 06:49:52,149 - INFO - template folder : ../templates
2017-12-25 06:49:56,871 - INFO - None
2017-12-25 06:50:32,816 - INFO - static folder : /home/pi/dev/finance/../static
2017-12-25 06:50:32,817 - INFO - template folder : ../templates
2017-12-25 06:52:09,407 - INFO - static folder : /home/pi/dev/finance/../static
2017-12-25 06:52:09,409 - INFO - template folder : ../templates
2017-12-25 06:52:12,237 - INFO - None
2017-12-25 06:52:55,259 - INFO - static folder : /home/pi/dev/finance/../static
2017-12-25 06:52:55,260 - INFO - template folder : ../templates
2017-12-25 06:54:35,024 - INFO - static folder : /home/pi/dev/finance/../static
2017-12-25 06:54:35,025 - INFO - template folder : ../templates
2017-12-25 07:01:11,337 - INFO - static folder : /home/pi/dev/finance/../static
2017-12-25 07:01:11,338 - INFO - template folder : ../templates
2017-12-25 07:01:21,062 - INFO - static folder : /home/pi/dev/finance/../static
2017-12-25 07:01:21,063 - INFO - template folder : ../templates
2017-12-25 07:01:24,912 - INFO - static folder : /home/pi/dev/finance/../static
2017-12-25 07:01:24,914 - INFO - template folder : ../templates
2017-12-25 07:02:02,567 - INFO - static folder : /home/pi/dev/finance/../static
2017-12-25 07:02:02,568 - INFO - template folder : ../templates
2017-12-25 21:53:14,222 - INFO - static folder : /home/pi/dev/finance/../static
2017-12-25 21:53:14,224 - INFO - template folder : ../templates
2017-12-25 21:53:18,052 - INFO - static folder : /home/pi/dev/finance/../static
2017-12-25 21:53:18,054 - INFO - template folder : ../templates
2017-12-25 21:54:50,605 - INFO - static folder : /home/pi/dev/finance/../static
2017-12-25 21:54:50,606 - INFO - template folder : ../templates
2017-12-25 21:56:27,296 - INFO - static folder : /home/pi/dev/finance/../static
2017-12-25 21:56:27,297 - INFO - template folder : ../templates
2017-12-25 21:56:44,968 - INFO - static folder : /home/pi/dev/finance/../static
2017-12-25 21:56:44,970 - INFO - template folder : ../templates
2017-12-25 21:56:48,830 - INFO - static folder : /home/pi/dev/finance/../static
2017-12-25 21:56:48,831 - INFO - template folder : ../templates
2017-12-25 21:57:11,840 - INFO - static folder : /home/pi/dev/finance/../static
2017-12-25 21:57:11,842 - INFO - template folder : ../templates
2017-12-25 21:57:24,487 - INFO - static folder : /home/pi/dev/finance/../static
2017-12-25 21:57:24,489 - INFO - template folder : ../templates
2017-12-25 21:57:57,381 - INFO - static folder : /home/pi/dev/finance/../static
2017-12-25 21:57:57,383 - INFO - template folder : ../templates
2017-12-25 21:58:01,201 - INFO - static folder : /home/pi/dev/finance/../static
2017-12-25 21:58:01,203 - INFO - template folder : ../templates
2017-12-25 21:59:21,457 - INFO - static folder : /home/pi/dev/finance/../static
2017-12-25 21:59:21,458 - INFO - template folder : ../templates
2017-12-25 21:59:22,616 - INFO - game
2017-12-25 21:59:24,307 - INFO - Total episode count : 144
2017-12-25 21:59:30,859 - INFO - Total episode count : 144
2017-12-25 21:59:37,603 - INFO - Total episode count : 144
2017-12-25 21:59:43,590 - INFO - Total episode count : 144
2017-12-25 21:59:51,572 - INFO - Total episode count : 144
2017-12-25 22:00:03,423 - INFO - Total episode count : 144
2017-12-25 22:00:21,056 - INFO - Total episode count : 144
2017-12-25 22:00:35,394 - INFO - Total episode count : 144
2017-12-25 22:00:46,929 - INFO - Total episode count : 144
2017-12-25 22:00:58,792 - INFO - Total episode count : 144
2017-12-25 22:01:04,596 - INFO - static folder : /home/pi/dev/finance/../static
2017-12-25 22:01:04,598 - INFO - template folder : ../templates
2017-12-25 22:01:08,973 - INFO - Total episode count : 144
2017-12-25 22:01:11,837 - INFO - game
2017-12-25 22:01:15,722 - INFO - Total episode count : 144
2017-12-25 22:01:27,747 - INFO - Total episode count : 144
2017-12-25 22:01:35,982 - INFO - static folder : /home/pi/dev/finance/../static
2017-12-25 22:01:35,984 - INFO - template folder : ../templates
2017-12-25 22:01:47,067 - INFO - Total episode count : 144
2017-12-25 22:01:51,454 - INFO - game
2017-12-25 22:01:56,016 - INFO - Total episode count : 144
2017-12-25 22:02:08,725 - INFO - Total episode count : 144
2017-12-25 22:02:19,544 - INFO - Total episode count : 144
2017-12-25 22:02:33,316 - INFO - Total episode count : 144
2017-12-25 22:02:47,384 - INFO - Total episode count : 144
2017-12-25 22:03:01,906 - INFO - Total episode count : 144
2017-12-25 22:03:20,600 - INFO - Total episode count : 144
2017-12-25 22:03:31,672 - INFO - Total episode count : 144
2017-12-25 22:03:43,972 - INFO - Total episode count : 144
2017-12-25 22:06:02,397 - INFO - static folder : /home/pi/dev/finance/../static
2017-12-25 22:06:02,399 - INFO - template folder : ../templates
2017-12-25 22:06:06,235 - INFO - static folder : /home/pi/dev/finance/../static
2017-12-25 22:06:06,236 - INFO - template folder : ../templates
2017-12-25 22:06:10,987 - INFO - game
2017-12-25 22:06:14,295 - INFO - Total episode count : 144
2017-12-25 22:06:15,608 - INFO - Episode 1/144 saved
2017-12-25 22:06:17,286 - INFO - Episode 2/144 saved
2017-12-25 22:06:18,607 - INFO - Episode 2/144 saved
2017-12-25 22:06:22,408 - INFO - Episode 3/144 saved
2017-12-25 22:06:24,254 - INFO - Episode 3/144 saved
2017-12-25 22:06:28,267 - INFO - Episode 4/144 saved
2017-12-25 22:06:29,614 - INFO - Episode 4/144 saved
2017-12-25 22:06:32,882 - INFO - Episode 5/144 saved
2017-12-25 22:06:35,423 - INFO - Episode 5/144 saved
2017-12-25 22:06:37,843 - INFO - Episode 5/144 saved
2017-12-25 22:06:39,903 - INFO - Episode 5/144 saved
2017-12-25 22:06:42,125 - INFO - Episode 6/144 saved
2017-12-25 22:06:43,721 - INFO - Episode 6/144 saved
2017-12-25 22:06:44,521 - INFO - Episode 6/144 saved
2017-12-25 22:06:47,762 - INFO - Episode 7/144 saved
2017-12-25 22:06:50,418 - INFO - Episode 7/144 saved
2017-12-25 22:06:53,821 - INFO - Episode 7/144 saved
2017-12-25 22:06:56,492 - INFO - Episode 7/144 saved
2017-12-25 22:07:04,952 - INFO - Episode 8/144 saved
2017-12-25 22:07:08,905 - INFO - Episode 8/144 saved
2017-12-25 22:07:10,591 - INFO - Episode 8/144 saved
2017-12-25 22:07:16,911 - INFO - Episode 9/144 saved
2017-12-25 22:07:29,768 - INFO - Episode 9/144 saved
2017-12-25 22:07:32,806 - INFO - Episode 9/144 saved
2017-12-25 22:07:42,191 - INFO - Episode 10/144 saved
2017-12-25 22:07:45,820 - INFO - Episode 10/144 saved
2017-12-25 22:07:50,173 - INFO - Episode 11/144 saved
2017-12-25 22:07:53,548 - INFO - Episode 11/144 saved
2017-12-25 22:07:57,465 - INFO - Episode 12/144 saved
2017-12-25 22:07:57,711 - INFO - Episode 12/144 saved
2017-12-25 22:07:57,818 - INFO - Episode 12/144 saved
2017-12-25 22:07:58,467 - INFO - Episode 13/144 saved
2017-12-25 22:07:58,842 - INFO - Episode 13/144 saved
2017-12-25 22:07:59,468 - INFO - Episode 14/144 saved
2017-12-25 22:08:00,153 - INFO - Episode 14/144 saved
2017-12-25 22:08:00,239 - INFO - Episode 14/144 saved
2017-12-25 22:08:01,004 - INFO - Episode 15/144 saved
2017-12-25 22:08:01,490 - INFO - Episode 15/144 saved
2017-12-25 22:08:01,578 - INFO - Episode 15/144 saved
2017-12-25 22:08:02,062 - INFO - Episode 16/144 saved
2017-12-25 22:08:02,457 - INFO - Episode 16/144 saved
2017-12-25 22:08:02,923 - INFO - Episode 17/144 saved
2017-12-25 22:08:03,262 - INFO - Episode 17/144 saved
2017-12-25 22:08:03,825 - INFO - Episode 18/144 saved
2017-12-25 22:08:04,274 - INFO - Episode 18/144 saved
2017-12-25 22:08:05,065 - INFO - Episode 19/144 saved
2017-12-25 22:08:05,482 - INFO - Episode 19/144 saved
2017-12-25 22:08:06,028 - INFO - Episode 20/144 saved
2017-12-25 22:08:06,421 - INFO - Episode 20/144 saved
2017-12-25 22:08:06,605 - INFO - Episode 20/144 saved
2017-12-25 22:08:07,005 - INFO - Episode 21/144 saved
2017-12-25 22:08:07,368 - INFO - Episode 21/144 saved
2017-12-25 22:08:07,818 - INFO - Episode 21/144 saved
2017-12-25 22:08:08,071 - INFO - Episode 21/144 saved
2017-12-25 22:08:08,347 - INFO - Episode 21/144 saved
2017-12-25 22:08:08,763 - INFO - Episode 21/144 saved
2017-12-25 22:08:09,062 - INFO - Episode 21/144 saved
2017-12-25 22:08:09,500 - INFO - Episode 22/144 saved
2017-12-25 22:08:09,910 - INFO - Episode 22/144 saved
2017-12-25 22:08:10,828 - INFO - Episode 23/144 saved
2017-12-25 22:08:11,731 - INFO - Episode 23/144 saved
2017-12-25 22:08:12,108 - INFO - Episode 23/144 saved
2017-12-25 22:08:12,846 - INFO - Episode 24/144 saved
2017-12-25 22:08:13,633 - INFO - Episode 24/144 saved
2017-12-25 22:08:14,040 - INFO - Episode 24/144 saved
2017-12-25 22:08:15,032 - INFO - Episode 25/144 saved
2017-12-25 22:08:15,695 - INFO - Episode 25/144 saved
2017-12-25 22:08:16,283 - INFO - Episode 25/144 saved
2017-12-25 22:08:16,701 - INFO - Episode 25/144 saved
2017-12-25 22:08:17,307 - INFO - Episode 26/144 saved
2017-12-25 22:08:18,010 - INFO - Episode 26/144 saved
2017-12-25 22:08:18,907 - INFO - Episode 26/144 saved
2017-12-25 22:08:20,006 - INFO - Episode 27/144 saved
2017-12-25 22:08:20,731 - INFO - Episode 27/144 saved
2017-12-25 22:08:21,597 - INFO - Episode 28/144 saved
2017-12-25 22:08:22,678 - INFO - Episode 28/144 saved
2017-12-25 22:08:23,445 - INFO - Episode 29/144 saved
2017-12-25 22:08:24,208 - INFO - Episode 29/144 saved
2017-12-25 22:08:25,110 - INFO - Episode 30/144 saved
2017-12-25 22:08:26,148 - INFO - Episode 30/144 saved
2017-12-25 22:08:26,871 - INFO - Episode 30/144 saved
2017-12-25 22:08:27,878 - INFO - Episode 31/144 saved
2017-12-25 22:08:28,540 - INFO - Episode 31/144 saved
2017-12-25 22:08:29,141 - INFO - Episode 31/144 saved
2017-12-25 22:08:29,789 - INFO - Episode 31/144 saved
2017-12-25 22:08:30,635 - INFO - Episode 32/144 saved
2017-12-25 22:08:31,409 - INFO - Episode 32/144 saved
2017-12-25 22:08:33,559 - INFO - Episode 32/144 saved
2017-12-25 22:08:34,437 - INFO - Episode 33/144 saved
2017-12-25 22:08:35,162 - INFO - Episode 33/144 saved
2017-12-25 22:08:35,810 - INFO - Episode 33/144 saved
2017-12-25 22:08:42,468 - INFO - Total episode count : 144
2017-12-25 22:08:42,994 - INFO - Episode 1/144 saved
2017-12-25 22:08:43,595 - INFO - Episode 2/144 saved
2017-12-25 22:08:44,023 - INFO - Episode 2/144 saved
2017-12-25 22:08:44,627 - INFO - Episode 3/144 saved
2017-12-25 22:08:44,995 - INFO - Episode 3/144 saved
2017-12-25 22:08:45,631 - INFO - Episode 4/144 saved
2017-12-25 22:08:46,040 - INFO - Episode 4/144 saved
2017-12-25 22:08:46,448 - INFO - Episode 5/144 saved
2017-12-25 22:08:46,749 - INFO - Episode 5/144 saved
2017-12-25 22:08:47,065 - INFO - Episode 5/144 saved
2017-12-25 22:08:47,423 - INFO - Episode 5/144 saved
2017-12-25 22:08:48,183 - INFO - Episode 6/144 saved
2017-12-25 22:08:48,878 - INFO - Episode 6/144 saved
2017-12-25 22:08:49,028 - INFO - Episode 6/144 saved
2017-12-25 22:08:49,250 - INFO - Episode 7/144 saved
2017-12-25 22:08:49,351 - INFO - Episode 7/144 saved
2017-12-25 22:08:49,795 - INFO - Episode 7/144 saved
2017-12-25 22:08:49,858 - INFO - Episode 7/144 saved
2017-12-25 22:08:50,205 - INFO - Episode 8/144 saved
2017-12-25 22:08:50,335 - INFO - Episode 8/144 saved
2017-12-25 22:08:50,432 - INFO - Episode 8/144 saved
2017-12-25 22:08:50,741 - INFO - Episode 9/144 saved
2017-12-25 22:08:50,856 - INFO - Episode 9/144 saved
2017-12-25 22:08:51,170 - INFO - Episode 9/144 saved
2017-12-25 22:08:51,528 - INFO - Episode 10/144 saved
2017-12-25 22:08:51,718 - INFO - Episode 10/144 saved
2017-12-25 22:08:52,511 - INFO - Episode 11/144 saved
2017-12-25 22:08:52,802 - INFO - Episode 11/144 saved
2017-12-25 22:08:53,214 - INFO - Episode 12/144 saved
2017-12-25 22:08:53,412 - INFO - Episode 12/144 saved
2017-12-25 22:08:53,448 - INFO - Episode 12/144 saved
2017-12-25 22:08:53,899 - INFO - Episode 13/144 saved
2017-12-25 22:08:54,071 - INFO - Episode 13/144 saved
2017-12-25 22:08:54,566 - INFO - Episode 14/144 saved
2017-12-25 22:08:54,767 - INFO - Episode 14/144 saved
2017-12-25 22:08:54,821 - INFO - Episode 14/144 saved
2017-12-25 22:08:55,240 - INFO - Episode 15/144 saved
2017-12-25 22:08:55,560 - INFO - Episode 15/144 saved
2017-12-25 22:08:55,715 - INFO - Episode 15/144 saved
2017-12-25 22:08:56,097 - INFO - Episode 16/144 saved
2017-12-25 22:08:56,412 - INFO - Episode 16/144 saved
2017-12-25 22:08:56,839 - INFO - Episode 17/144 saved
2017-12-25 22:08:57,188 - INFO - Episode 17/144 saved
2017-12-25 22:08:57,870 - INFO - Episode 18/144 saved
2017-12-25 22:08:58,325 - INFO - Episode 18/144 saved
2017-12-25 22:08:58,708 - INFO - Episode 19/144 saved
2017-12-25 22:08:58,994 - INFO - Episode 19/144 saved
2017-12-25 22:08:59,430 - INFO - Episode 20/144 saved
2017-12-25 22:08:59,767 - INFO - Episode 20/144 saved
2017-12-25 22:08:59,840 - INFO - Episode 20/144 saved
2017-12-25 22:09:00,102 - INFO - Episode 21/144 saved
2017-12-25 22:09:00,383 - INFO - Episode 21/144 saved
2017-12-25 22:09:00,866 - INFO - Episode 21/144 saved
2017-12-25 22:09:01,079 - INFO - Episode 21/144 saved
2017-12-25 22:09:01,380 - INFO - Episode 21/144 saved
2017-12-25 22:09:01,663 - INFO - Episode 21/144 saved
2017-12-25 22:09:01,884 - INFO - Episode 21/144 saved
2017-12-25 22:09:02,401 - INFO - Episode 22/144 saved
2017-12-25 22:09:02,723 - INFO - Episode 22/144 saved
2017-12-25 22:09:03,439 - INFO - Episode 23/144 saved
2017-12-25 22:09:04,261 - INFO - Episode 23/144 saved
2017-12-25 22:09:04,492 - INFO - Episode 23/144 saved
2017-12-25 22:09:05,030 - INFO - Episode 24/144 saved
2017-12-25 22:09:05,609 - INFO - Episode 24/144 saved
2017-12-25 22:09:05,832 - INFO - Episode 24/144 saved
2017-12-25 22:09:06,315 - INFO - Episode 25/144 saved
2017-12-25 22:09:06,951 - INFO - Episode 25/144 saved
2017-12-25 22:09:07,466 - INFO - Episode 25/144 saved
2017-12-25 22:09:07,742 - INFO - Episode 25/144 saved
2017-12-25 22:09:08,205 - INFO - Episode 26/144 saved
2017-12-25 22:09:08,710 - INFO - Episode 26/144 saved
2017-12-25 22:09:09,300 - INFO - Episode 26/144 saved
2017-12-25 22:09:09,933 - INFO - Episode 27/144 saved
2017-12-25 22:09:10,564 - INFO - Episode 27/144 saved
2017-12-25 22:09:11,593 - INFO - Episode 28/144 saved
2017-12-25 22:09:12,179 - INFO - Episode 28/144 saved
2017-12-25 22:09:12,798 - INFO - Episode 29/144 saved
2017-12-25 22:09:13,394 - INFO - Episode 29/144 saved
2017-12-25 22:09:13,925 - INFO - Episode 30/144 saved
2017-12-25 22:09:14,481 - INFO - Episode 30/144 saved
2017-12-25 22:09:15,252 - INFO - Episode 30/144 saved
2017-12-25 22:09:15,887 - INFO - Episode 31/144 saved
2017-12-25 22:09:16,379 - INFO - Episode 31/144 saved
2017-12-25 22:09:16,799 - INFO - Episode 31/144 saved
2017-12-25 22:09:17,237 - INFO - Episode 31/144 saved
2017-12-25 22:09:17,804 - INFO - Episode 32/144 saved
2017-12-25 22:09:18,303 - INFO - Episode 32/144 saved
2017-12-25 22:09:19,879 - INFO - Episode 32/144 saved
2017-12-25 22:09:20,466 - INFO - Episode 33/144 saved
2017-12-25 22:09:20,892 - INFO - Episode 33/144 saved
2017-12-25 22:09:21,314 - INFO - Episode 33/144 saved
2017-12-25 22:09:27,853 - INFO - Total episode count : 144
2017-12-25 22:09:28,242 - INFO - Episode 1/144 saved
2017-12-25 22:09:28,653 - INFO - Episode 2/144 saved
2017-12-25 22:09:28,965 - INFO - Episode 2/144 saved
2017-12-25 22:09:29,307 - INFO - Episode 3/144 saved
2017-12-25 22:09:29,635 - INFO - Episode 3/144 saved
2017-12-25 22:09:29,985 - INFO - Episode 4/144 saved
2017-12-25 22:09:30,357 - INFO - Episode 4/144 saved
2017-12-25 22:09:30,789 - INFO - Episode 5/144 saved
2017-12-25 22:09:31,082 - INFO - Episode 5/144 saved
2017-12-25 22:09:31,379 - INFO - Episode 5/144 saved
2017-12-25 22:09:31,679 - INFO - Episode 5/144 saved
2017-12-25 22:09:31,980 - INFO - Episode 6/144 saved
2017-12-25 22:09:32,280 - INFO - Episode 6/144 saved
2017-12-25 22:09:32,350 - INFO - Episode 6/144 saved
2017-12-25 22:09:32,587 - INFO - Episode 7/144 saved
2017-12-25 22:09:32,714 - INFO - Episode 7/144 saved
2017-12-25 22:09:33,159 - INFO - Episode 7/144 saved
2017-12-25 22:09:33,259 - INFO - Episode 7/144 saved
2017-12-25 22:09:33,633 - INFO - Episode 8/144 saved
2017-12-25 22:09:33,801 - INFO - Episode 8/144 saved
2017-12-25 22:09:33,866 - INFO - Episode 8/144 saved
2017-12-25 22:09:34,076 - INFO - Episode 9/144 saved
2017-12-25 22:09:34,164 - INFO - Episode 9/144 saved
2017-12-25 22:09:34,434 - INFO - Episode 9/144 saved
2017-12-25 22:09:34,823 - INFO - Episode 10/144 saved
2017-12-25 22:09:35,005 - INFO - Episode 10/144 saved
2017-12-25 22:09:35,416 - INFO - Episode 11/144 saved
2017-12-25 22:09:35,684 - INFO - Episode 11/144 saved
2017-12-25 22:09:36,167 - INFO - Episode 12/144 saved
2017-12-25 22:09:36,326 - INFO - Episode 12/144 saved
2017-12-25 22:09:36,378 - INFO - Episode 12/144 saved
2017-12-25 22:09:36,837 - INFO - Episode 13/144 saved
2017-12-25 22:09:37,016 - INFO - Episode 13/144 saved
2017-12-25 22:09:37,494 - INFO - Episode 14/144 saved
2017-12-25 22:09:37,668 - INFO - Episode 14/144 saved
2017-12-25 22:09:37,721 - INFO - Episode 14/144 saved
2017-12-25 22:09:38,123 - INFO - Episode 15/144 saved
2017-12-25 22:09:38,446 - INFO - Episode 15/144 saved
2017-12-25 22:09:38,491 - INFO - Episode 15/144 saved
2017-12-25 22:09:38,881 - INFO - Episode 16/144 saved
2017-12-25 22:09:39,192 - INFO - Episode 16/144 saved
2017-12-25 22:09:39,630 - INFO - Episode 17/144 saved
2017-12-25 22:09:39,980 - INFO - Episode 17/144 saved
2017-12-25 22:09:40,447 - INFO - Episode 18/144 saved
2017-12-25 22:09:40,883 - INFO - Episode 18/144 saved
2017-12-25 22:09:41,257 - INFO - Episode 19/144 saved
2017-12-25 22:09:41,514 - INFO - Episode 19/144 saved
2017-12-25 22:09:41,827 - INFO - Episode 20/144 saved
2017-12-25 22:09:42,064 - INFO - Episode 20/144 saved
2017-12-25 22:09:42,135 - INFO - Episode 20/144 saved
2017-12-25 22:09:42,359 - INFO - Episode 21/144 saved
2017-12-25 22:09:42,559 - INFO - Episode 21/144 saved
2017-12-25 22:09:42,998 - INFO - Episode 21/144 saved
2017-12-25 22:09:43,260 - INFO - Episode 21/144 saved
2017-12-25 22:09:43,505 - INFO - Episode 21/144 saved
2017-12-25 22:09:43,855 - INFO - Episode 21/144 saved
2017-12-25 22:09:44,016 - INFO - Episode 21/144 saved
2017-12-25 22:09:44,365 - INFO - Episode 22/144 saved
2017-12-25 22:09:44,643 - INFO - Episode 22/144 saved
2017-12-25 22:09:45,341 - INFO - Episode 23/144 saved
2017-12-25 22:09:46,258 - INFO - Episode 23/144 saved
2017-12-25 22:09:46,519 - INFO - Episode 23/144 saved
2017-12-25 22:09:47,141 - INFO - Episode 24/144 saved
2017-12-25 22:09:47,661 - INFO - Episode 24/144 saved
2017-12-25 22:09:47,892 - INFO - Episode 24/144 saved
2017-12-25 22:09:48,329 - INFO - Episode 25/144 saved
2017-12-25 22:09:48,839 - INFO - Episode 25/144 saved
2017-12-25 22:09:49,352 - INFO - Episode 25/144 saved
2017-12-25 22:09:49,587 - INFO - Episode 25/144 saved
2017-12-25 22:09:50,057 - INFO - Episode 26/144 saved
2017-12-25 22:09:50,542 - INFO - Episode 26/144 saved
2017-12-25 22:09:51,128 - INFO - Episode 26/144 saved
2017-12-25 22:09:51,771 - INFO - Episode 27/144 saved
2017-12-25 22:09:52,303 - INFO - Episode 27/144 saved
2017-12-25 22:09:52,960 - INFO - Episode 28/144 saved
2017-12-25 22:09:53,707 - INFO - Episode 28/144 saved
2017-12-25 22:09:54,417 - INFO - Episode 29/144 saved
2017-12-25 22:09:54,990 - INFO - Episode 29/144 saved
2017-12-25 22:09:55,684 - INFO - Episode 30/144 saved
2017-12-25 22:09:56,198 - INFO - Episode 30/144 saved
2017-12-25 22:09:56,809 - INFO - Episode 30/144 saved
2017-12-25 22:09:57,507 - INFO - Episode 31/144 saved
2017-12-25 22:09:58,090 - INFO - Episode 31/144 saved
2017-12-25 22:09:58,636 - INFO - Episode 31/144 saved
2017-12-25 22:09:59,228 - INFO - Episode 31/144 saved
2017-12-25 22:09:59,781 - INFO - Episode 32/144 saved
2017-12-25 22:10:00,384 - INFO - Episode 32/144 saved
2017-12-25 22:10:02,194 - INFO - Episode 32/144 saved
2017-12-25 22:10:02,793 - INFO - Episode 33/144 saved
2017-12-25 22:10:03,195 - INFO - Episode 33/144 saved
2017-12-25 22:10:03,671 - INFO - Episode 33/144 saved
2017-12-25 22:10:10,264 - INFO - Total episode count : 144
2017-12-25 22:10:10,698 - INFO - Episode 1/144 saved
2017-12-25 22:10:11,065 - INFO - Episode 2/144 saved
2017-12-25 22:10:11,379 - INFO - Episode 2/144 saved
2017-12-25 22:10:11,816 - INFO - Episode 3/144 saved
2017-12-25 22:10:12,151 - INFO - Episode 3/144 saved
2017-12-25 22:10:12,662 - INFO - Episode 4/144 saved
2017-12-25 22:10:13,152 - INFO - Episode 4/144 saved
2017-12-25 22:10:13,652 - INFO - Episode 5/144 saved
2017-12-25 22:10:13,967 - INFO - Episode 5/144 saved
2017-12-25 22:10:14,217 - INFO - Episode 5/144 saved
2017-12-25 22:10:14,541 - INFO - Episode 5/144 saved
2017-12-25 22:10:14,887 - INFO - Episode 6/144 saved
2017-12-25 22:10:15,196 - INFO - Episode 6/144 saved
2017-12-25 22:10:15,289 - INFO - Episode 6/144 saved
2017-12-25 22:10:15,526 - INFO - Episode 7/144 saved
2017-12-25 22:10:15,668 - INFO - Episode 7/144 saved
2017-12-25 22:10:16,134 - INFO - Episode 7/144 saved
2017-12-25 22:10:16,209 - INFO - Episode 7/144 saved
2017-12-25 22:10:16,627 - INFO - Episode 8/144 saved
2017-12-25 22:10:16,799 - INFO - Episode 8/144 saved
2017-12-25 22:10:16,855 - INFO - Episode 8/144 saved
2017-12-25 22:10:17,093 - INFO - Episode 9/144 saved
2017-12-25 22:10:17,185 - INFO - Episode 9/144 saved
2017-12-25 22:10:17,501 - INFO - Episode 9/144 saved
2017-12-25 22:10:17,970 - INFO - Episode 10/144 saved
2017-12-25 22:10:18,168 - INFO - Episode 10/144 saved
2017-12-25 22:10:18,648 - INFO - Episode 11/144 saved
2017-12-25 22:10:18,948 - INFO - Episode 11/144 saved
2017-12-25 22:10:19,322 - INFO - Episode 12/144 saved
2017-12-25 22:10:19,513 - INFO - Episode 12/144 saved
2017-12-25 22:10:19,578 - INFO - Episode 12/144 saved
2017-12-25 22:10:19,989 - INFO - Episode 13/144 saved
2017-12-25 22:10:20,198 - INFO - Episode 13/144 saved
2017-12-25 22:10:20,663 - INFO - Episode 14/144 saved
2017-12-25 22:10:20,857 - INFO - Episode 14/144 saved
2017-12-25 22:10:20,902 - INFO - Episode 14/144 saved
2017-12-25 22:10:21,271 - INFO - Episode 15/144 saved
2017-12-25 22:10:21,626 - INFO - Episode 15/144 saved
2017-12-25 22:10:21,679 - INFO - Episode 15/144 saved
2017-12-25 22:10:22,104 - INFO - Episode 16/144 saved
2017-12-25 22:10:22,479 - INFO - Episode 16/144 saved
2017-12-25 22:10:22,968 - INFO - Episode 17/144 saved
2017-12-25 22:10:23,288 - INFO - Episode 17/144 saved
2017-12-25 22:10:23,690 - INFO - Episode 18/144 saved
2017-12-25 22:10:24,101 - INFO - Episode 18/144 saved
2017-12-25 22:10:24,448 - INFO - Episode 19/144 saved
2017-12-25 22:10:24,826 - INFO - Episode 19/144 saved
2017-12-25 22:10:26,410 - INFO - Episode 20/144 saved
2017-12-25 22:10:27,190 - INFO - Episode 20/144 saved
2017-12-25 22:10:27,302 - INFO - Episode 20/144 saved
2017-12-25 22:10:27,548 - INFO - Episode 21/144 saved
2017-12-25 22:10:27,782 - INFO - Episode 21/144 saved
2017-12-25 22:10:28,150 - INFO - Episode 21/144 saved
2017-12-25 22:10:28,408 - INFO - Episode 21/144 saved
2017-12-25 22:10:29,870 - INFO - Episode 21/144 saved
2017-12-25 22:10:32,608 - INFO - Episode 21/144 saved
2017-12-25 22:10:33,000 - INFO - Episode 21/144 saved
2017-12-25 22:10:33,454 - INFO - Episode 22/144 saved
2017-12-25 22:10:33,739 - INFO - Episode 22/144 saved
2017-12-25 22:10:35,750 - INFO - Episode 23/144 saved
2017-12-25 22:10:36,632 - INFO - Episode 23/144 saved
2017-12-25 22:10:36,920 - INFO - Episode 23/144 saved
2017-12-25 22:10:37,471 - INFO - Episode 24/144 saved
2017-12-25 22:10:38,097 - INFO - Episode 24/144 saved
2017-12-25 22:10:38,330 - INFO - Episode 24/144 saved
2017-12-25 22:10:38,807 - INFO - Episode 25/144 saved
2017-12-25 22:10:39,342 - INFO - Episode 25/144 saved
2017-12-25 22:10:39,800 - INFO - Episode 25/144 saved
2017-12-25 22:10:40,083 - INFO - Episode 25/144 saved
2017-12-25 22:10:40,586 - INFO - Episode 26/144 saved
2017-12-25 22:10:41,141 - INFO - Episode 26/144 saved
2017-12-25 22:10:41,805 - INFO - Episode 26/144 saved
2017-12-25 22:10:42,480 - INFO - Episode 27/144 saved
2017-12-25 22:10:43,127 - INFO - Episode 27/144 saved
2017-12-25 22:10:43,851 - INFO - Episode 28/144 saved
2017-12-25 22:10:44,558 - INFO - Episode 28/144 saved
2017-12-25 22:10:45,224 - INFO - Episode 29/144 saved
2017-12-25 22:10:45,830 - INFO - Episode 29/144 saved
2017-12-25 22:10:46,476 - INFO - Episode 30/144 saved
2017-12-25 22:10:47,121 - INFO - Episode 30/144 saved
2017-12-25 22:21:12,255 - INFO - static folder : /home/pi/dev/finance/../static
2017-12-25 22:21:12,257 - INFO - template folder : ../templates
2017-12-25 22:21:16,077 - INFO - static folder : /home/pi/dev/finance/../static
2017-12-25 22:21:16,079 - INFO - template folder : ../templates
2017-12-25 22:21:44,406 - INFO - game
2017-12-25 22:24:43,831 - INFO - static folder : /home/pi/dev/finance/../static
2017-12-25 22:24:43,832 - INFO - template folder : ../templates
2017-12-25 22:26:10,461 - INFO - static folder : /home/pi/dev/finance/../static
2017-12-25 22:26:10,463 - INFO - template folder : ../templates
2017-12-25 22:26:14,291 - INFO - static folder : /home/pi/dev/finance/../static
2017-12-25 22:26:14,293 - INFO - template folder : ../templates
2017-12-25 22:26:23,194 - INFO - game
2017-12-25 22:26:24,250 - INFO - Total episode count : 144
2017-12-25 22:26:24,590 - INFO - Episode 1/144 saved
2017-12-25 22:26:24,912 - INFO - Episode 2/144 saved
2017-12-25 22:26:25,200 - INFO - Episode 2/144 saved
2017-12-25 22:26:25,562 - INFO - Episode 3/144 saved
2017-12-25 22:26:25,851 - INFO - Episode 3/144 saved
2017-12-25 22:26:26,249 - INFO - Episode 4/144 saved
2017-12-25 22:26:26,596 - INFO - Episode 4/144 saved
2017-12-25 22:26:26,969 - INFO - Episode 5/144 saved
2017-12-25 22:26:27,279 - INFO - Episode 5/144 saved
2017-12-25 22:26:27,476 - INFO - Episode 5/144 saved
2017-12-25 22:26:27,810 - INFO - Episode 5/144 saved
2017-12-25 22:26:28,133 - INFO - Episode 6/144 saved
2017-12-25 22:26:28,447 - INFO - Episode 6/144 saved
2017-12-25 22:26:28,572 - INFO - Episode 6/144 saved
2017-12-25 22:26:28,819 - INFO - Episode 7/144 saved
2017-12-25 22:26:28,942 - INFO - Episode 7/144 saved
2017-12-25 22:26:29,380 - INFO - Episode 7/144 saved
2017-12-25 22:26:29,469 - INFO - Episode 7/144 saved
2017-12-25 22:26:29,922 - INFO - Episode 8/144 saved
2017-12-25 22:26:30,047 - INFO - Episode 8/144 saved
2017-12-25 22:26:30,122 - INFO - Episode 8/144 saved
2017-12-25 22:26:30,357 - INFO - Episode 9/144 saved
2017-12-25 22:26:30,477 - INFO - Episode 9/144 saved
2017-12-25 22:26:30,719 - INFO - Episode 9/144 saved
2017-12-25 22:26:31,056 - INFO - Episode 10/144 saved
2017-12-25 22:26:31,241 - INFO - Episode 10/144 saved
2017-12-25 22:26:31,655 - INFO - Episode 11/144 saved
2017-12-25 22:26:31,915 - INFO - Episode 11/144 saved
2017-12-25 22:26:32,345 - INFO - Episode 12/144 saved
2017-12-25 22:26:32,530 - INFO - Episode 12/144 saved
2017-12-25 22:26:32,569 - INFO - Episode 12/144 saved
2017-12-25 22:26:32,949 - INFO - Episode 13/144 saved
2017-12-25 22:26:33,152 - INFO - Episode 13/144 saved
2017-12-25 22:26:33,611 - INFO - Episode 14/144 saved
2017-12-25 22:26:33,796 - INFO - Episode 14/144 saved
2017-12-25 22:26:33,836 - INFO - Episode 14/144 saved
2017-12-25 22:26:34,160 - INFO - Episode 15/144 saved
2017-12-25 22:26:34,427 - INFO - Episode 15/144 saved
2017-12-25 22:26:34,476 - INFO - Episode 15/144 saved
2017-12-25 22:26:34,834 - INFO - Episode 16/144 saved
2017-12-25 22:26:35,120 - INFO - Episode 16/144 saved
2017-12-25 22:26:35,552 - INFO - Episode 17/144 saved
2017-12-25 22:26:35,840 - INFO - Episode 17/144 saved
2017-12-25 22:26:36,146 - INFO - Episode 18/144 saved
2017-12-25 22:26:36,476 - INFO - Episode 18/144 saved
2017-12-25 22:26:36,856 - INFO - Episode 19/144 saved
2017-12-25 22:26:37,171 - INFO - Episode 19/144 saved
2017-12-25 22:26:37,478 - INFO - Episode 20/144 saved
2017-12-25 22:26:37,725 - INFO - Episode 20/144 saved
2017-12-25 22:26:37,805 - INFO - Episode 20/144 saved
2017-12-25 22:26:38,070 - INFO - Episode 21/144 saved
2017-12-25 22:26:38,281 - INFO - Episode 21/144 saved
2017-12-25 22:26:38,604 - INFO - Episode 21/144 saved
2017-12-25 22:26:38,797 - INFO - Episode 21/144 saved
2017-12-25 22:26:38,988 - INFO - Episode 21/144 saved
2017-12-25 22:26:39,605 - INFO - Episode 21/144 saved
2017-12-25 22:26:39,784 - INFO - Episode 21/144 saved
2017-12-25 22:26:40,130 - INFO - Episode 22/144 saved
2017-12-25 22:26:40,389 - INFO - Episode 22/144 saved
2017-12-25 22:26:41,050 - INFO - Episode 23/144 saved
2017-12-25 22:26:41,739 - INFO - Episode 23/144 saved
2017-12-25 22:26:41,965 - INFO - Episode 23/144 saved
2017-12-25 22:26:42,468 - INFO - Episode 24/144 saved
2017-12-25 22:26:43,127 - INFO - Episode 24/144 saved
2017-12-25 22:26:43,369 - INFO - Episode 24/144 saved
2017-12-25 22:26:43,800 - INFO - Episode 25/144 saved
2017-12-25 22:26:44,322 - INFO - Episode 25/144 saved
2017-12-25 22:26:44,765 - INFO - Episode 25/144 saved
2017-12-25 22:26:45,137 - INFO - Episode 25/144 saved
2017-12-25 22:26:45,732 - INFO - Episode 26/144 saved
2017-12-25 22:26:46,171 - INFO - Episode 26/144 saved
2017-12-25 22:26:46,722 - INFO - Episode 26/144 saved
2017-12-25 22:26:47,368 - INFO - Episode 27/144 saved
2017-12-25 22:26:47,908 - INFO - Episode 27/144 saved
2017-12-25 22:26:48,866 - INFO - Episode 28/144 saved
2017-12-25 22:26:49,548 - INFO - Episode 28/144 saved
2017-12-25 22:26:50,280 - INFO - Episode 29/144 saved
2017-12-25 22:26:50,891 - INFO - Episode 29/144 saved
2017-12-25 22:26:51,477 - INFO - Episode 30/144 saved
2017-12-25 22:26:52,118 - INFO - Episode 30/144 saved
2017-12-25 22:26:52,708 - INFO - Episode 30/144 saved
2017-12-25 22:26:53,185 - INFO - Episode 31/144 saved
2017-12-25 22:26:53,717 - INFO - Episode 31/144 saved
2017-12-25 22:26:54,191 - INFO - Episode 31/144 saved
2017-12-25 22:26:54,872 - INFO - Episode 31/144 saved
2017-12-25 22:26:55,425 - INFO - Episode 32/144 saved
2017-12-25 22:26:55,908 - INFO - Episode 32/144 saved
2017-12-25 22:26:57,668 - INFO - Episode 32/144 saved
2017-12-25 22:26:58,295 - INFO - Episode 33/144 saved
2017-12-25 22:26:58,808 - INFO - Episode 33/144 saved
2017-12-25 22:26:59,538 - INFO - Episode 33/144 saved
2017-12-25 22:27:01,675 - INFO - Episode 54/144 saved
2017-12-25 22:27:02,101 - INFO - Episode 54/144 saved
2017-12-25 22:27:02,517 - INFO - Episode 54/144 saved
2017-12-25 22:27:04,192 - INFO - Episode 55/144 saved
2017-12-25 22:27:05,820 - INFO - Episode 55/144 saved
2017-12-25 22:27:07,974 - INFO - Episode 78/144 saved
2017-12-25 22:27:08,575 - INFO - Episode 78/144 saved
2017-12-25 22:27:09,079 - INFO - Episode 78/144 saved
2017-12-25 22:27:09,367 - INFO - Episode 78/144 saved
2017-12-25 22:27:09,627 - INFO - Episode 78/144 saved
2017-12-25 22:27:09,957 - INFO - Episode 78/144 saved
2017-12-25 22:27:10,278 - INFO - Episode 78/144 saved
2017-12-25 22:27:11,105 - INFO - Episode 79/144 saved
2017-12-25 22:27:12,886 - INFO - Episode 100/144 saved
2017-12-25 22:27:13,391 - INFO - Episode 100/144 saved
2017-12-25 22:27:13,860 - INFO - Episode 100/144 saved
2017-12-25 22:27:14,250 - INFO - Episode 100/144 saved
2017-12-25 22:27:14,893 - INFO - Episode 101/144 saved
2017-12-25 22:27:15,395 - INFO - Episode 101/144 saved
2017-12-25 22:27:15,771 - INFO - Episode 101/144 saved
2017-12-25 22:27:17,769 - INFO - Episode 101/144 saved
2017-12-25 22:27:17,994 - INFO - Episode 101/144 saved
2017-12-25 22:27:18,613 - INFO - Episode 102/144 saved
2017-12-25 22:27:19,162 - INFO - Episode 102/144 saved
2017-12-25 22:27:19,670 - INFO - Episode 102/144 saved
2017-12-25 22:27:20,182 - INFO - Episode 102/144 saved
2017-12-25 22:27:20,379 - INFO - Episode 102/144 saved
2017-12-25 22:27:21,156 - INFO - Episode 103/144 saved
2017-12-25 22:27:21,667 - INFO - Episode 103/144 saved
2017-12-25 22:27:22,223 - INFO - Episode 103/144 saved
2017-12-25 22:27:22,696 - INFO - Episode 103/144 saved
2017-12-25 22:27:22,953 - INFO - Episode 103/144 saved
2017-12-25 22:27:23,528 - INFO - Episode 104/144 saved
2017-12-25 22:27:24,056 - INFO - Episode 104/144 saved
2017-12-25 22:27:24,532 - INFO - Episode 104/144 saved
2017-12-25 22:27:24,989 - INFO - Episode 104/144 saved
2017-12-25 22:27:25,311 - INFO - Episode 104/144 saved
2017-12-25 22:27:25,613 - INFO - Episode 104/144 saved
2017-12-25 22:27:26,047 - INFO - Episode 104/144 saved
2017-12-25 22:27:26,985 - INFO - Episode 105/144 saved
2017-12-25 22:27:27,663 - INFO - Episode 105/144 saved
2017-12-25 22:27:28,309 - INFO - Episode 105/144 saved
2017-12-25 22:27:28,849 - INFO - Episode 105/144 saved
2017-12-25 22:27:29,368 - INFO - Episode 105/144 saved
2017-12-25 22:27:29,643 - INFO - Episode 105/144 saved
2017-12-25 22:27:30,388 - INFO - Episode 106/144 saved
2017-12-25 22:27:30,929 - INFO - Episode 106/144 saved
2017-12-25 22:27:31,620 - INFO - Episode 106/144 saved
2017-12-25 22:27:32,371 - INFO - Episode 106/144 saved
2017-12-25 22:27:32,998 - INFO - Episode 107/144 saved
2017-12-25 22:27:35,905 - INFO - Episode 107/144 saved
2017-12-25 22:27:36,676 - INFO - Episode 107/144 saved
2017-12-25 22:27:37,383 - INFO - Episode 107/144 saved
2017-12-25 22:27:37,777 - INFO - Episode 107/144 saved
2017-12-25 22:27:38,458 - INFO - Episode 108/144 saved
2017-12-25 22:27:39,207 - INFO - Episode 108/144 saved
2017-12-25 22:27:39,880 - INFO - Episode 108/144 saved
2017-12-25 22:27:40,648 - INFO - Episode 108/144 saved
2017-12-25 22:27:41,283 - INFO - Episode 108/144 saved
2017-12-25 22:27:43,402 - INFO - Episode 109/144 saved
2017-12-25 22:27:43,962 - INFO - Episode 109/144 saved
2017-12-25 22:27:44,602 - INFO - Episode 109/144 saved
2017-12-25 22:27:45,238 - INFO - Episode 109/144 saved
2017-12-25 22:27:46,986 - INFO - Episode 109/144 saved
2017-12-25 22:27:47,450 - INFO - Episode 109/144 saved
2017-12-25 22:27:47,948 - INFO - Episode 110/144 saved
2017-12-25 22:27:48,321 - INFO - Episode 110/144 saved
2017-12-25 22:27:49,003 - INFO - Episode 110/144 saved
2017-12-25 22:27:49,592 - INFO - Episode 110/144 saved
2017-12-25 22:27:50,124 - INFO - Episode 110/144 saved
2017-12-25 22:27:50,536 - INFO - Episode 110/144 saved
2017-12-25 22:27:52,749 - INFO - Episode 111/144 saved
2017-12-25 22:27:55,275 - INFO - Episode 111/144 saved
2017-12-25 22:27:55,892 - INFO - Episode 111/144 saved
2017-12-25 22:27:58,595 - INFO - Episode 111/144 saved
2017-12-25 22:27:59,398 - INFO - Episode 112/144 saved
2017-12-25 22:27:59,783 - INFO - Episode 112/144 saved
2017-12-25 22:28:00,408 - INFO - Episode 112/144 saved
2017-12-25 22:28:01,016 - INFO - Episode 112/144 saved
2017-12-25 22:28:01,599 - INFO - Episode 112/144 saved
2017-12-25 22:28:03,321 - INFO - Episode 112/144 saved
2017-12-25 22:28:03,718 - INFO - Episode 112/144 saved
2017-12-25 22:28:06,608 - INFO - Episode 113/144 saved
2017-12-25 22:28:07,476 - INFO - Episode 113/144 saved
2017-12-25 22:28:08,761 - INFO - Episode 113/144 saved
2017-12-25 22:28:09,466 - INFO - Episode 113/144 saved
2017-12-25 22:28:11,772 - INFO - Episode 113/144 saved
2017-12-25 22:28:12,381 - INFO - Episode 113/144 saved
2017-12-25 22:28:12,963 - INFO - Episode 113/144 saved
2017-12-25 22:28:13,650 - INFO - Episode 114/144 saved
2017-12-25 22:28:15,640 - INFO - Episode 114/144 saved
2017-12-25 22:28:17,767 - INFO - Episode 114/144 saved
2017-12-25 22:28:18,433 - INFO - Episode 114/144 saved
2017-12-25 22:28:19,097 - INFO - Episode 114/144 saved
2017-12-25 22:28:19,808 - INFO - Episode 115/144 saved
2017-12-25 22:28:20,354 - INFO - Episode 115/144 saved
2017-12-25 22:28:22,030 - INFO - Episode 115/144 saved
2017-12-25 22:28:22,710 - INFO - Episode 115/144 saved
2017-12-25 22:28:24,783 - INFO - Episode 115/144 saved
2017-12-25 22:28:25,556 - INFO - Episode 116/144 saved
2017-12-25 22:28:26,079 - INFO - Episode 116/144 saved
2017-12-25 22:28:26,567 - INFO - Episode 116/144 saved
2017-12-25 22:28:27,166 - INFO - Episode 116/144 saved
2017-12-25 22:28:27,781 - INFO - Episode 116/144 saved
2017-12-25 22:28:28,370 - INFO - Episode 116/144 saved
2017-12-25 22:28:29,236 - INFO - Episode 117/144 saved
2017-12-25 22:28:29,887 - INFO - Episode 117/144 saved
2017-12-25 22:28:30,424 - INFO - Episode 117/144 saved
2017-12-25 22:28:31,236 - INFO - Episode 117/144 saved
2017-12-25 22:28:32,079 - INFO - Episode 117/144 saved
2017-12-25 22:28:32,790 - INFO - Episode 118/144 saved
2017-12-25 22:28:33,547 - INFO - Episode 118/144 saved
2017-12-25 22:28:34,205 - INFO - Episode 118/144 saved
2017-12-25 22:28:34,791 - INFO - Episode 118/144 saved
2017-12-25 22:28:35,292 - INFO - Episode 118/144 saved
2017-12-25 22:28:35,545 - INFO - Episode 118/144 saved
2017-12-25 22:28:36,100 - INFO - Episode 119/144 saved
2017-12-25 22:28:36,629 - INFO - Episode 119/144 saved
2017-12-25 22:28:38,826 - INFO - Episode 119/144 saved
2017-12-25 22:28:39,336 - INFO - Episode 119/144 saved
2017-12-25 22:28:39,679 - INFO - Episode 119/144 saved
2017-12-25 22:28:40,207 - INFO - Episode 120/144 saved
2017-12-25 22:28:40,680 - INFO - Episode 120/144 saved
2017-12-25 22:28:42,601 - INFO - Episode 120/144 saved
2017-12-25 22:28:44,429 - INFO - Episode 120/144 saved
2017-12-25 22:28:45,027 - INFO - Episode 120/144 saved
2017-12-25 22:28:45,351 - INFO - Episode 120/144 saved
2017-12-25 22:28:45,662 - INFO - Episode 120/144 saved
2017-12-25 22:28:45,901 - INFO - Episode 120/144 saved
2017-12-25 22:28:46,168 - INFO - Episode 121/144 saved
2017-12-25 22:28:46,410 - INFO - Episode 121/144 saved
2017-12-25 22:28:46,784 - INFO - Episode 121/144 saved
2017-12-25 22:28:47,234 - INFO - Episode 121/144 saved
2017-12-25 22:28:47,406 - INFO - Episode 121/144 saved
2017-12-25 22:28:47,918 - INFO - Episode 122/144 saved
2017-12-25 22:28:50,169 - INFO - Episode 122/144 saved
2017-12-25 22:28:50,725 - INFO - Episode 122/144 saved
2017-12-25 22:28:51,162 - INFO - Episode 122/144 saved
2017-12-25 22:28:51,388 - INFO - Episode 122/144 saved
2017-12-25 22:28:51,964 - INFO - Episode 123/144 saved
2017-12-25 22:28:52,475 - INFO - Episode 123/144 saved
2017-12-25 22:28:55,249 - INFO - Episode 123/144 saved
2017-12-25 22:28:55,876 - INFO - Episode 123/144 saved
2017-12-25 22:28:56,074 - INFO - Episode 123/144 saved
2017-12-25 22:28:56,577 - INFO - Episode 124/144 saved
2017-12-25 22:28:57,182 - INFO - Episode 124/144 saved
2017-12-25 22:28:59,521 - INFO - Episode 124/144 saved
2017-12-25 22:29:00,149 - INFO - Episode 124/144 saved
2017-12-25 22:29:00,388 - INFO - Episode 124/144 saved
2017-12-25 22:29:01,204 - INFO - Episode 125/144 saved
2017-12-25 22:29:01,761 - INFO - Episode 125/144 saved
2017-12-25 22:29:02,244 - INFO - Episode 125/144 saved
2017-12-25 22:29:02,671 - INFO - Episode 125/144 saved
2017-12-25 22:29:03,161 - INFO - Episode 125/144 saved
2017-12-25 22:29:05,476 - INFO - Episode 126/144 saved
2017-12-25 22:29:06,040 - INFO - Episode 126/144 saved
2017-12-25 22:29:08,004 - INFO - Episode 126/144 saved
2017-12-25 22:29:08,547 - INFO - Episode 126/144 saved
2017-12-25 22:29:10,837 - INFO - Episode 127/144 saved
2017-12-25 22:29:11,531 - INFO - Episode 127/144 saved
2017-12-25 22:29:12,800 - INFO - Episode 127/144 saved
2017-12-25 22:29:13,445 - INFO - Episode 127/144 saved
2017-12-25 22:29:15,462 - INFO - Episode 127/144 saved
2017-12-25 22:29:16,086 - INFO - Episode 128/144 saved
2017-12-25 22:29:16,645 - INFO - Episode 128/144 saved
2017-12-25 22:29:18,115 - INFO - Episode 128/144 saved
2017-12-25 22:29:20,409 - INFO - Episode 128/144 saved
2017-12-25 22:29:21,012 - INFO - Episode 129/144 saved
2017-12-25 22:29:23,461 - INFO - Episode 129/144 saved
2017-12-25 22:29:23,902 - INFO - Episode 129/144 saved
2017-12-25 22:29:26,303 - INFO - Episode 129/144 saved
2017-12-25 22:29:26,648 - INFO - Episode 129/144 saved
2017-12-25 22:29:29,161 - INFO - Episode 130/144 saved
2017-12-25 22:29:29,796 - INFO - Episode 130/144 saved
2017-12-25 22:29:30,380 - INFO - Episode 130/144 saved
2017-12-25 22:29:33,103 - INFO - Episode 130/144 saved
2017-12-25 22:29:33,596 - INFO - Episode 130/144 saved
2017-12-25 22:29:34,272 - INFO - Episode 131/144 saved
2017-12-25 22:29:34,645 - INFO - Episode 131/144 saved
2017-12-25 22:29:35,106 - INFO - Episode 131/144 saved
2017-12-25 22:29:35,636 - INFO - Episode 131/144 saved
2017-12-25 22:29:35,901 - INFO - Episode 131/144 saved
2017-12-25 22:29:36,463 - INFO - Episode 132/144 saved
2017-12-25 22:29:36,862 - INFO - Episode 132/144 saved
2017-12-25 22:29:38,738 - INFO - Episode 132/144 saved
2017-12-25 22:29:39,032 - INFO - Episode 132/144 saved
2017-12-25 22:29:39,271 - INFO - Episode 132/144 saved
2017-12-25 22:29:39,800 - INFO - Episode 133/144 saved
2017-12-25 22:29:40,272 - INFO - Episode 133/144 saved
2017-12-25 22:29:40,846 - INFO - Episode 133/144 saved
2017-12-25 22:29:41,378 - INFO - Episode 133/144 saved
2017-12-25 22:29:42,500 - INFO - Episode 133/144 saved
2017-12-25 22:29:44,845 - INFO - Episode 134/144 saved
2017-12-25 22:29:45,479 - INFO - Episode 134/144 saved
2017-12-25 22:29:46,135 - INFO - Episode 134/144 saved
2017-12-25 22:29:46,511 - INFO - Episode 134/144 saved
2017-12-25 22:29:47,296 - INFO - Episode 135/144 saved
2017-12-25 22:29:47,863 - INFO - Episode 135/144 saved
2017-12-25 22:29:48,232 - INFO - Episode 135/144 saved
2017-12-25 22:29:50,217 - INFO - Episode 135/144 saved
2017-12-25 22:29:51,832 - INFO - Episode 135/144 saved
2017-12-25 22:29:53,698 - INFO - Episode 135/144 saved
2017-12-25 22:29:55,356 - INFO - Episode 135/144 saved
2017-12-25 22:29:55,762 - INFO - Episode 136/144 saved
2017-12-25 22:29:56,633 - INFO - Episode 136/144 saved
2017-12-25 22:29:57,230 - INFO - Episode 136/144 saved
2017-12-25 22:29:59,367 - INFO - Episode 136/144 saved
2017-12-25 22:29:59,833 - INFO - Episode 136/144 saved
2017-12-25 22:30:00,270 - INFO - Episode 136/144 saved
2017-12-25 22:30:00,541 - INFO - Episode 137/144 saved
2017-12-25 22:30:00,918 - INFO - Episode 137/144 saved
2017-12-25 22:30:01,326 - INFO - Episode 137/144 saved
2017-12-25 22:30:01,737 - INFO - Episode 137/144 saved
2017-12-25 22:30:02,123 - INFO - Episode 137/144 saved
2017-12-25 22:30:02,457 - INFO - Episode 137/144 saved
2017-12-25 22:30:02,788 - INFO - Episode 137/144 saved
2017-12-25 22:30:03,224 - INFO - Episode 137/144 saved
2017-12-25 22:30:03,471 - INFO - Episode 137/144 saved
2017-12-25 22:30:04,063 - INFO - Episode 138/144 saved
2017-12-25 22:30:04,571 - INFO - Episode 138/144 saved
2017-12-25 22:30:05,139 - INFO - Episode 138/144 saved
2017-12-25 22:30:05,801 - INFO - Episode 138/144 saved
2017-12-25 22:30:06,322 - INFO - Episode 139/144 saved
2017-12-25 22:30:06,885 - INFO - Episode 139/144 saved
2017-12-25 22:30:07,440 - INFO - Episode 139/144 saved
2017-12-25 22:30:07,887 - INFO - Episode 139/144 saved
2017-12-25 22:30:08,186 - INFO - Episode 139/144 saved
2017-12-25 22:30:08,916 - INFO - Episode 140/144 saved
2017-12-25 22:30:09,502 - INFO - Episode 140/144 saved
2017-12-25 22:30:09,998 - INFO - Episode 140/144 saved
2017-12-25 22:30:10,617 - INFO - Episode 140/144 saved
2017-12-25 22:30:11,077 - INFO - Episode 140/144 saved
2017-12-25 22:30:11,450 - INFO - Episode 141/144 saved
2017-12-25 22:30:11,867 - INFO - Episode 141/144 saved
2017-12-25 22:30:12,361 - INFO - Episode 141/144 saved
2017-12-25 22:30:12,817 - INFO - Episode 141/144 saved
2017-12-25 22:30:13,245 - INFO - Episode 141/144 saved
2017-12-25 22:30:13,896 - INFO - Episode 142/144 saved
2017-12-25 22:30:14,253 - INFO - Episode 142/144 saved
2017-12-25 22:30:14,685 - INFO - Episode 142/144 saved
2017-12-25 22:30:15,058 - INFO - Episode 142/144 saved
2017-12-25 22:30:15,510 - INFO - Episode 142/144 saved
2017-12-25 22:30:15,838 - INFO - Episode 142/144 saved
2017-12-25 22:30:16,266 - INFO - Episode 143/144 saved
2017-12-25 22:30:16,754 - INFO - Episode 143/144 saved
2017-12-25 22:30:17,140 - INFO - Episode 143/144 saved
2017-12-25 22:30:17,598 - INFO - Episode 143/144 saved
2017-12-25 22:30:18,057 - INFO - Episode 143/144 saved
2017-12-25 22:30:18,381 - INFO - Episode 143/144 saved
2017-12-25 22:30:18,894 - INFO - Episode 143/144 saved
2017-12-25 22:30:21,119 - INFO - Episode 144/144 saved
2017-12-25 22:30:23,057 - INFO - Episode 144/144 saved
2017-12-25 22:30:23,427 - INFO - Episode 144/144 saved
2017-12-25 22:30:25,638 - INFO - Episode 144/144 saved
2017-12-25 22:30:25,965 - INFO - Episode 144/144 saved
2017-12-25 22:30:31,670 - INFO - Total episode count : 144
2017-12-25 22:30:32,173 - INFO - Episode 1/144 saved
2017-12-25 22:30:32,651 - INFO - Episode 2/144 saved
2017-12-25 22:30:32,957 - INFO - Episode 2/144 saved
2017-12-25 22:30:33,452 - INFO - Episode 3/144 saved
2017-12-25 22:30:33,750 - INFO - Episode 3/144 saved
2017-12-25 22:30:34,206 - INFO - Episode 4/144 saved
2017-12-25 22:30:34,547 - INFO - Episode 4/144 saved
2017-12-25 22:30:34,982 - INFO - Episode 5/144 saved
2017-12-25 22:30:35,343 - INFO - Episode 5/144 saved
2017-12-25 22:30:35,590 - INFO - Episode 5/144 saved
2017-12-25 22:30:35,902 - INFO - Episode 5/144 saved
2017-12-25 22:30:40,658 - INFO - static folder : /home/pi/dev/finance/../static
2017-12-25 22:30:40,659 - INFO - template folder : ../templates
2017-12-25 22:30:43,522 - INFO - Episode 1/144 saved
2017-12-25 22:30:43,973 - INFO - Episode 2/144 saved
2017-12-25 22:30:44,380 - INFO - Episode 2/144 saved
2017-12-25 22:30:44,774 - INFO - Episode 3/144 saved
2017-12-25 22:30:45,058 - INFO - Episode 3/144 saved
2017-12-25 22:30:49,307 - INFO - static folder : /home/pi/dev/finance/../static
2017-12-25 22:30:49,309 - INFO - template folder : ../templates
2017-12-25 22:38:48,937 - INFO - static folder : /home/pi/dev/finance/../static
2017-12-25 22:38:48,938 - INFO - template folder : ../templates
2017-12-25 22:39:27,265 - INFO - static folder : /home/pi/dev/finance/../static
2017-12-25 22:39:27,267 - INFO - template folder : ../templates
2017-12-25 22:39:31,132 - INFO - static folder : /home/pi/dev/finance/../static
2017-12-25 22:39:31,133 - INFO - template folder : ../templates
2017-12-25 22:39:38,523 - INFO -   : game
2017-12-25 22:40:25,210 - INFO - static folder : /home/pi/dev/finance/../static
2017-12-25 22:40:25,211 - INFO - template folder : ../templates
2017-12-25 22:40:29,041 - INFO - static folder : /home/pi/dev/finance/../static
2017-12-25 22:40:29,042 - INFO - template folder : ../templates
2017-12-25 22:40:38,063 - INFO -   : game
2017-12-25 22:41:06,794 - INFO - static folder : /home/pi/dev/finance/../static
2017-12-25 22:41:06,796 - INFO - template folder : ../templates
2017-12-25 22:41:12,240 - INFO - static folder : /home/pi/dev/finance/../static
2017-12-25 22:41:12,241 - INFO - template folder : ../templates
2017-12-25 22:41:23,039 - INFO -   : game
2017-12-25 22:42:00,222 - INFO - static folder : /home/pi/dev/finance/../static
2017-12-25 22:42:00,223 - INFO - template folder : ../templates
2017-12-25 22:42:06,797 - INFO -   : game
2017-12-25 22:43:04,375 - INFO - static folder : /home/pi/dev/finance/../static
2017-12-25 22:43:04,376 - INFO - template folder : ../templates
2017-12-25 22:43:30,518 - INFO - static folder : /home/pi/dev/finance/../static
2017-12-25 22:43:30,520 - INFO - template folder : ../templates
2017-12-25 22:43:46,465 - INFO -   : game
2017-12-25 22:45:48,651 - INFO - static folder : /home/pi/dev/finance/../static
2017-12-25 22:45:48,652 - INFO - template folder : ../templates
2017-12-25 22:45:52,484 - INFO - static folder : /home/pi/dev/finance/../static
2017-12-25 22:45:52,485 - INFO - template folder : ../templates
2017-12-25 22:45:58,276 - INFO -   : game
2017-12-25 22:47:56,082 - INFO - static folder : /home/pi/dev/finance/../static
2017-12-25 22:47:56,095 - INFO - template folder : ../templates
2017-12-25 22:47:59,934 - INFO - static folder : /home/pi/dev/finance/../static
2017-12-25 22:47:59,935 - INFO - template folder : ../templates
2017-12-25 22:48:15,545 - INFO -   : game
2017-12-25 22:54:45,493 - INFO - static folder : /home/pi/dev/finance/../static
2017-12-25 22:54:45,494 - INFO - template folder : ../templates
2017-12-25 22:54:49,350 - INFO - static folder : /home/pi/dev/finance/../static
2017-12-25 22:54:49,351 - INFO - template folder : ../templates
2017-12-25 22:56:31,607 - INFO -   : steelrain2
